# JRE version: OpenJDK Runtime Environment (8.0_345-b01) (build 1.8.0_345-b01)
# Java VM: OpenJDK 64-Bit Server VM (25.345-b01 mixed mode linux-amd64 compressed oops)
Heap:
 PSYoungGen      total 601088K, used 82493K [0x0000000580100000, 0x00000005c9700000, 0x0000000800000000)
  eden space 515584K, 16% used [0x0000000580100000,0x000000058518f6e0,0x000000059f880000)
  from space 85504K, 0% used [0x000000059f880000,0x000000059f880000,0x00000005a4c00000)
  to   space 85504K, 0% used [0x00000005c4380000,0x00000005c4380000,0x00000005c9700000)
 ParOldGen       total 872448K, used 15908K [0x0000000080200000, 0x00000000b5600000, 0x0000000580100000)
  object space 872448K, 1% used [0x0000000080200000,0x00000000811892d8,0x00000000b5600000)
 Metaspace       used 21323K, capacity 21536K, committed 21808K, reserved 1069056K
  class space    used 2343K, capacity 2404K, committed 2432K, reserved 1048576K
GC Heap History (4 events):
Event: 1.438 GC heap before
{Heap before GC invocations=1 (full 0):
 PSYoungGen      total 601088K, used 237170K [0x0000000580100000, 0x00000005a9f80000, 0x0000000800000000)
  eden space 515584K, 46% used [0x0000000580100000,0x000000058e89ca58,0x000000059f880000)
  from space 85504K, 0% used [0x00000005a4c00000,0x00000005a4c00000,0x00000005a9f80000)
  to   space 85504K, 0% used [0x000000059f880000,0x000000059f880000,0x00000005a4c00000)
 ParOldGen       total 1373696K, used 0K [0x0000000080200000, 0x00000000d3f80000, 0x0000000580100000)
  object space 1373696K, 0% used [0x0000000080200000,0x0000000080200000,0x00000000d3f80000)
 Metaspace       used 20989K, capacity 21120K, committed 21296K, reserved 1069056K
  class space    used 2313K, capacity 2372K, committed 2432K, reserved 1048576K
Event: 1.460 GC heap after
Heap after GC invocations=1 (full 0):
 PSYoungGen      total 601088K, used 17341K [0x0000000580100000, 0x00000005c9700000, 0x0000000800000000)
  eden space 515584K, 0% used [0x0000000580100000,0x0000000580100000,0x000000059f880000)
  from space 85504K, 20% used [0x000000059f880000,0x00000005a096f550,0x00000005a4c00000)
  to   space 85504K, 0% used [0x00000005c4380000,0x00000005c4380000,0x00000005c9700000)
 ParOldGen       total 1373696K, used 16K [0x0000000080200000, 0x00000000d3f80000, 0x0000000580100000)
  object space 1373696K, 0% used [0x0000000080200000,0x0000000080204000,0x00000000d3f80000)
 Metaspace       used 20989K, capacity 21120K, committed 21296K, reserved 1069056K
  class space    used 2313K, capacity 2372K, committed 2432K, reserved 1048576K
}
Event: 1.460 GC heap before
{Heap before GC invocations=2 (full 1):
 PSYoungGen      total 601088K, used 17341K [0x0000000580100000, 0x00000005c9700000, 0x0000000800000000)
  eden space 515584K, 0% used [0x0000000580100000,0x0000000580100000,0x000000059f880000)
  from space 85504K, 20% used [0x000000059f880000,0x00000005a096f550,0x00000005a4c00000)
  to   space 85504K, 0% used [0x00000005c4380000,0x00000005c4380000,0x00000005c9700000)
 ParOldGen       total 1373696K, used 16K [0x0000000080200000, 0x00000000d3f80000, 0x0000000580100000)
  object space 1373696K, 0% used [0x0000000080200000,0x0000000080204000,0x00000000d3f80000)
 Metaspace       used 20989K, capacity 21120K, committed 21296K, reserved 1069056K
  class space    used 2313K, capacity 2372K, committed 2432K, reserved 1048576K
Event: 1.500 GC heap after
Heap after GC invocations=2 (full 1):
 PSYoungGen      total 601088K, used 0K [0x0000000580100000, 0x00000005c9700000, 0x0000000800000000)
  eden space 515584K, 0% used [0x0000000580100000,0x0000000580100000,0x000000059f880000)
  from space 85504K, 0% used [0x000000059f880000,0x000000059f880000,0x00000005a4c00000)
  to   space 85504K, 0% used [0x00000005c4380000,0x00000005c4380000,0x00000005c9700000)
 ParOldGen       total 872448K, used 15908K [0x0000000080200000, 0x00000000b5600000, 0x0000000580100000)
  object space 872448K, 1% used [0x0000000080200000,0x00000000811892d8,0x00000000b5600000)
 Metaspace       used 20989K, capacity 21120K, committed 21296K, reserved 1069056K
  class space    used 2313K, capacity 2372K, committed 2432K, reserved 1048576K
}

