# JRE version: OpenJDK Runtime Environment (8.0_342-b07) (build 1.8.0_342-b07)
# Java VM: OpenJDK 64-Bit Server VM (25.342-b07 mixed mode linux-amd64 compressed oops)
Heap:
 PSYoungGen      total 601088K, used 72182K [0x0000000580100000, 0x00000005c9700000, 0x0000000800000000)
  eden space 515584K, 14% used [0x0000000580100000,0x000000058477d860,0x000000059f880000)
  from space 85504K, 0% used [0x000000059f880000,0x000000059f880000,0x00000005a4c00000)
  to   space 85504K, 0% used [0x00000005c4380000,0x00000005c4380000,0x00000005c9700000)
 ParOldGen       total 889344K, used 15421K [0x0000000080200000, 0x00000000b6680000, 0x0000000580100000)
  object space 889344K, 1% used [0x0000000080200000,0x000000008110f418,0x00000000b6680000)
 Metaspace       used 21260K, capacity 21468K, committed 21808K, reserved 1069056K
  class space    used 2334K, capacity 2404K, committed 2432K, reserved 1048576K
GC Heap History (4 events):
Event: 1.351 GC heap before
{Heap before GC invocations=1 (full 0):
 PSYoungGen      total 601088K, used 226858K [0x0000000580100000, 0x00000005a9f80000, 0x0000000800000000)
  eden space 515584K, 44% used [0x0000000580100000,0x000000058de8abe8,0x000000059f880000)
  from space 85504K, 0% used [0x00000005a4c00000,0x00000005a4c00000,0x00000005a9f80000)
  to   space 85504K, 0% used [0x000000059f880000,0x000000059f880000,0x00000005a4c00000)
 ParOldGen       total 1373696K, used 0K [0x0000000080200000, 0x00000000d3f80000, 0x0000000580100000)
  object space 1373696K, 0% used [0x0000000080200000,0x0000000080200000,0x00000000d3f80000)
 Metaspace       used 20975K, capacity 21116K, committed 21296K, reserved 1069056K
  class space    used 2308K, capacity 2372K, committed 2432K, reserved 1048576K
Event: 1.371 GC heap after
Heap after GC invocations=1 (full 0):
 PSYoungGen      total 601088K, used 16844K [0x0000000580100000, 0x00000005c9700000, 0x0000000800000000)
  eden space 515584K, 0% used [0x0000000580100000,0x0000000580100000,0x000000059f880000)
  from space 85504K, 19% used [0x000000059f880000,0x00000005a08f3030,0x00000005a4c00000)
  to   space 85504K, 0% used [0x00000005c4380000,0x00000005c4380000,0x00000005c9700000)
 ParOldGen       total 1373696K, used 16K [0x0000000080200000, 0x00000000d3f80000, 0x0000000580100000)
  object space 1373696K, 0% used [0x0000000080200000,0x0000000080204000,0x00000000d3f80000)
 Metaspace       used 20975K, capacity 21116K, committed 21296K, reserved 1069056K
  class space    used 2308K, capacity 2372K, committed 2432K, reserved 1048576K
}
Event: 1.371 GC heap before
{Heap before GC invocations=2 (full 1):
 PSYoungGen      total 601088K, used 16844K [0x0000000580100000, 0x00000005c9700000, 0x0000000800000000)
  eden space 515584K, 0% used [0x0000000580100000,0x0000000580100000,0x000000059f880000)
  from space 85504K, 19% used [0x000000059f880000,0x00000005a08f3030,0x00000005a4c00000)
  to   space 85504K, 0% used [0x00000005c4380000,0x00000005c4380000,0x00000005c9700000)
 ParOldGen       total 1373696K, used 16K [0x0000000080200000, 0x00000000d3f80000, 0x0000000580100000)
  object space 1373696K, 0% used [0x0000000080200000,0x0000000080204000,0x00000000d3f80000)
 Metaspace       used 20975K, capacity 21116K, committed 21296K, reserved 1069056K
  class space    used 2308K, capacity 2372K, committed 2432K, reserved 1048576K
Event: 1.415 GC heap after
Heap after GC invocations=2 (full 1):
 PSYoungGen      total 601088K, used 0K [0x0000000580100000, 0x00000005c9700000, 0x0000000800000000)
  eden space 515584K, 0% used [0x0000000580100000,0x0000000580100000,0x000000059f880000)
  from space 85504K, 0% used [0x000000059f880000,0x000000059f880000,0x00000005a4c00000)
  to   space 85504K, 0% used [0x00000005c4380000,0x00000005c4380000,0x00000005c9700000)
 ParOldGen       total 889344K, used 15421K [0x0000000080200000, 0x00000000b6680000, 0x0000000580100000)
  object space 889344K, 1% used [0x0000000080200000,0x000000008110f418,0x00000000b6680000)
 Metaspace       used 20975K, capacity 21116K, committed 21296K, reserved 1069056K
  class space    used 2308K, capacity 2372K, committed 2432K, reserved 1048576K
}

